<component name="libraryTable">
  <library name="JUnit">
    <CLASSES>
      <root url="jar://$PROJECT_DIR$/lib/develop/junit-dep-4.6.jar!/" />
    </CLASSES>
    <JAVADOC />
    <SOURCES />
  </library>
</component>